serverd: /var/www/html/index.html
servere: /var/www/html/index.html
serverf: /var/www/html/index.html
serverc: /var/www/html/index.html
serverd: /var/www/html/index.html
servere: /var/www/html/index.html
serverf: /var/www/html/index.html
serverc: /var/www/html/index.html
serverd: /var/www/html/index.html
servere: /var/www/html/index.html
serverf: /var/www/html/index.html
serverc: /var/www/html/index.html
serverd: /var/www/html/index.html
servere: /var/www/html/index.html
serverf: /var/www/html/index.html
serverc: /var/www/html/index.html
serverd: /var/www/html/index.html
servere: /var/www/html/index.html
serverf: /var/www/html/index.html
serverc: /var/www/html/index.html
serverd: /var/www/html/index.html
servere: /var/www/html/index.html
serverf: /var/www/html/index.html
serverc: /var/www/html/index.html
serverd: /var/www/html/index.html
servere: /var/www/html/index.html
serverf: /var/www/html/index.html
serverc: /var/www/html/index.html
serverd: /var/www/html/index.html
servere: /var/www/html/index.html
serverf: /var/www/html/index.html
serverc: /var/www/html/index.html
serverd: /var/www/html/index.html
servere: /var/www/html/index.html
serverf: /var/www/html/index.html
serverc: /var/www/html/index.html
serverd: /var/www/html/index.html
servere: /var/www/html/index.html
serverf: /var/www/html/index.html
serverc: /var/www/html/index.html
serverd: /var/www/html/index.html
servere: /var/www/html/index.html
serverf: /var/www/html/index.html
serverc: /var/www/html/index.html
serverd: /var/www/html/index.html
servere: /var/www/html/index.html
serverf: /var/www/html/index.html
serverc: /var/www/html/index.html
serverd: /var/www/html/index.html
servere: /var/www/html/index.html
serverf: /var/www/html/index.html
serverc: /var/www/html/index.html
serverd: /var/www/html/index.html
servere: /var/www/html/index.html
serverf: /var/www/html/index.html
serverc: /var/www/html/index.html
serverd: /var/www/html/index.html
servere: /var/www/html/index.html
serverf: /var/www/html/index.html
serverc: /var/www/html/index.html
serverd: /var/www/html/index.html
servere: /var/www/html/index.html
serverf: /var/www/html/index.html
serverc: /var/www/html/index.html
serverd: /var/www/html/index.html
servere: /var/www/html/index.html
serverf: /var/www/html/index.html
serverc: /var/www/html/index.html
serverd: /var/www/html/index.html
servere: /var/www/html/index.html
serverf: /var/www/html/index.html
serverc: /var/www/html/index.html
serverd: /var/www/html/index.html
servere: /var/www/html/index.html
serverf: /var/www/html/index.html
serverc: /var/www/html/index.html
serverd: /var/www/html/index.html
servere: /var/www/html/index.html
serverf: /var/www/html/index.html
serverc: /var/www/html/index.html
serverd: /var/www/html/index.html
servere: /var/www/html/index.html
serverf: /var/www/html/index.html
serverc: /var/www/html/index.html
serverd: /var/www/html/index.html
servere: /var/www/html/index.html
serverf: /var/www/html/index.html
serverb: /srv/web/app/html/index.html
serverd: /var/www/html/index.html
servere: /var/www/html/index.html
serverf: /var/www/html/index.html
serverb: /srv/web/app/html/index.html
serverd: /var/www/html/index.html
servere: /var/www/html/index.html
serverf: /var/www/html/index.html
serverb: /srv/web/app/html/index.html
serverd: /var/www/html/index.html
servere: /var/www/html/index.html
serverf: /var/www/html/index.html
serverb: /srv/web/app/html/index.html
serverd: /var/www/html/index.html
servere: /var/www/html/index.html
serverf: /var/www/html/index.html
serverb: /srv/web/app/html/index.html
serverd: /var/www/html/index.html
servere: /var/www/html/index.html
serverf: /var/www/html/index.html
serverc: /srv/web/app/html/index.html
serverb: /srv/web/app/html/index.html
serverc: /srv/web/app/html/index.html
serverb: /srv/web/app/html/index.html
serverc: /srv/web/app/html/index.html
serverb: /srv/web/app/html/index.html
serverc: /srv/web/app/html/index.html
serverb: /srv/web/app/html/index.html
serverc: /srv/web/app/html/index.html
serverb: /srv/web/app/html/index.html
serverc: /srv/web/app/html/index.html
serverb: /srv/web/app/html/index.html
serverc: /srv/web/app/html/index.html
serverb: /srv/web/app/html/index.html
serverc: /srv/web/app/html/index.html
serverb: /srv/web/app/html/index.html
serverc: /srv/web/app/html/index.html
serverb: /srv/web/app/html/index.html
serverc: /srv/web/app/html/index.html
serverb: /srv/web/app/html/index.html
serverc: /srv/web/app/html/index.html
serverb: /srv/web/app/html/index.html
serverc: /srv/web/app/html/index.html
serverb: /srv/web/app/html/index.html
serverc: /srv/web/app/html/index.html
serverb: /srv/web/app/html/index.html
serverc: /srv/web/app/html/index.html
serverb: /srv/web/app/html/index.html
serverc: /srv/web/app/html/index.html
serverb: /srv/web/app/html/index.html
serverc: /srv/web/app/html/index.html
serverb: /srv/web/app/html/index.html
serverc: /srv/web/app/html/index.html
serverb: /srv/web/app/html/index.html
serverc: /srv/web/app/html/index.html
serverb: /srv/web/app/html/index.html
serverc: /srv/web/app/html/index.html
serverb: /srv/web/app/html/index.html
serverc: /srv/web/app/html/index.html
serverb: /srv/web/app/html/index.html
serverc: /srv/web/app/html/index.html
serverb: /srv/web/app/html/index.html
serverc: /srv/web/app/html/index.html
serverd: /srv/web/app/html/index.html
servere: /srv/web/app/html/index.html
serverf: /srv/web/app/html/index.html
serverb: /srv/web/app/html/index.html
serverc: /srv/web/app/html/index.html
serverd: /srv/web/app/html/index.html
